<?xml version="1.0" encoding="UTF-8"?>
<!-- Generated by org.testng.reporters.JUnitReportReporter -->
<testsuite hostname="PrashanthMaddala" failures="0" tests="1" name="api.CountriesAPITest" time="0.964" errors="0" timestamp="2025-09-01T12:02:32 SAST" skipped="0">
  <testcase classname="api.CountriesAPITest" name="testFetchCountriesGraphQL" time="0.964"/>
</testsuite> <!-- api.CountriesAPITest -->
